12/02/2022 05:13:17 PM PyNaCl is not installed, voice will NOT be supported
12/02/2022 05:13:17 PM logging in using static token
12/02/2022 05:13:19 PM Shard ID None has connected to Gateway (Session ID: 8c3de93a1c68c2c559a4626e7c7cfb78).
12/02/2022 05:16:14 PM PyNaCl is not installed, voice will NOT be supported
12/02/2022 05:16:14 PM logging in using static token
12/02/2022 05:16:15 PM Shard ID None has connected to Gateway (Session ID: 1958c50c02219fad1293565181371879).
12/02/2022 05:17:31 PM PyNaCl is not installed, voice will NOT be supported
12/02/2022 05:17:31 PM logging in using static token
12/02/2022 05:17:33 PM Shard ID None has connected to Gateway (Session ID: 996baf0313f4721b1e98ccb29a202ce1).
12/02/2022 05:20:02 PM PyNaCl is not installed, voice will NOT be supported
12/02/2022 05:20:02 PM logging in using static token
12/02/2022 05:20:04 PM Shard ID None has connected to Gateway (Session ID: 348ca97110bbc08a6966c03187056ffe).
12/07/2022 11:08:02 AM PyNaCl is not installed, voice will NOT be supported
12/07/2022 11:08:02 AM logging in using static token
12/07/2022 11:08:04 AM Shard ID None has connected to Gateway (Session ID: af97e4b8898f51f7c08f3f64049c44fd).
12/07/2022 11:10:20 AM Unclosed client session
client_session: <aiohttp.client.ClientSession object at 0x000001EB0F1747C0>
12/07/2022 11:10:20 AM Fatal error on SSL transport
protocol: <asyncio.sslproto.SSLProtocol object at 0x000001EB1064FF70>
transport: <_ProactorSocketTransport fd=816 read=<_OverlappedFuture cancelled>>
Traceback (most recent call last):
  File "C:\Users\khoi8\AppData\Local\Programs\Python\Python310\lib\asyncio\sslproto.py", line 690, in _process_write_backlog
    self._transport.write(chunk)
  File "C:\Users\khoi8\AppData\Local\Programs\Python\Python310\lib\asyncio\proactor_events.py", line 361, in write
    self._loop_writing(data=bytes(data))
  File "C:\Users\khoi8\AppData\Local\Programs\Python\Python310\lib\asyncio\proactor_events.py", line 397, in _loop_writing
    self._write_fut = self._loop._proactor.send(self._sock, data)
AttributeError: 'NoneType' object has no attribute 'send'
12/07/2022 11:13:51 AM PyNaCl is not installed, voice will NOT be supported
12/07/2022 11:13:51 AM logging in using static token
12/07/2022 11:13:53 AM Shard ID None has connected to Gateway (Session ID: 33d15aa0770c807044ef38b7b6285322).
12/07/2022 11:15:53 AM Unclosed client session
client_session: <aiohttp.client.ClientSession object at 0x00000259AAF04790>
12/07/2022 11:15:53 AM Fatal error on SSL transport
protocol: <asyncio.sslproto.SSLProtocol object at 0x00000259ACA0ABF0>
transport: <_ProactorSocketTransport fd=828 read=<_OverlappedFuture cancelled>>
Traceback (most recent call last):
  File "C:\Users\khoi8\AppData\Local\Programs\Python\Python310\lib\asyncio\sslproto.py", line 690, in _process_write_backlog
    self._transport.write(chunk)
  File "C:\Users\khoi8\AppData\Local\Programs\Python\Python310\lib\asyncio\proactor_events.py", line 361, in write
    self._loop_writing(data=bytes(data))
  File "C:\Users\khoi8\AppData\Local\Programs\Python\Python310\lib\asyncio\proactor_events.py", line 397, in _loop_writing
    self._write_fut = self._loop._proactor.send(self._sock, data)
AttributeError: 'NoneType' object has no attribute 'send'
12/07/2022 11:15:57 AM PyNaCl is not installed, voice will NOT be supported
12/07/2022 11:15:57 AM logging in using static token
12/07/2022 11:15:59 AM Shard ID None has connected to Gateway (Session ID: 23fd0268b180db7f396bfe4cc01c2357).
12/07/2022 11:19:13 AM Unclosed client session
client_session: <aiohttp.client.ClientSession object at 0x000001739CB04820>
12/07/2022 11:19:13 AM Fatal error on SSL transport
protocol: <asyncio.sslproto.SSLProtocol object at 0x000001739E60E650>
transport: <_ProactorSocketTransport fd=1096 read=<_OverlappedFuture cancelled>>
Traceback (most recent call last):
  File "C:\Users\khoi8\AppData\Local\Programs\Python\Python310\lib\asyncio\sslproto.py", line 690, in _process_write_backlog
    self._transport.write(chunk)
  File "C:\Users\khoi8\AppData\Local\Programs\Python\Python310\lib\asyncio\proactor_events.py", line 361, in write
    self._loop_writing(data=bytes(data))
  File "C:\Users\khoi8\AppData\Local\Programs\Python\Python310\lib\asyncio\proactor_events.py", line 397, in _loop_writing
    self._write_fut = self._loop._proactor.send(self._sock, data)
AttributeError: 'NoneType' object has no attribute 'send'
12/07/2022 11:19:22 AM PyNaCl is not installed, voice will NOT be supported
12/07/2022 11:19:22 AM logging in using static token
12/07/2022 11:19:24 AM Shard ID None has connected to Gateway (Session ID: 36833c6d751566a83dc67e8a5dfa30a5).
12/07/2022 11:21:57 AM Unclosed client session
client_session: <aiohttp.client.ClientSession object at 0x0000022FB4DC4790>
12/07/2022 11:21:57 AM Fatal error on SSL transport
protocol: <asyncio.sslproto.SSLProtocol object at 0x0000022FB68CE650>
transport: <_ProactorSocketTransport fd=952 read=<_OverlappedFuture cancelled>>
Traceback (most recent call last):
  File "C:\Users\khoi8\AppData\Local\Programs\Python\Python310\lib\asyncio\sslproto.py", line 690, in _process_write_backlog
    self._transport.write(chunk)
  File "C:\Users\khoi8\AppData\Local\Programs\Python\Python310\lib\asyncio\proactor_events.py", line 361, in write
    self._loop_writing(data=bytes(data))
  File "C:\Users\khoi8\AppData\Local\Programs\Python\Python310\lib\asyncio\proactor_events.py", line 397, in _loop_writing
    self._write_fut = self._loop._proactor.send(self._sock, data)
AttributeError: 'NoneType' object has no attribute 'send'
12/07/2022 11:22:00 AM PyNaCl is not installed, voice will NOT be supported
12/07/2022 11:22:00 AM logging in using static token
12/07/2022 11:22:02 AM Shard ID None has connected to Gateway (Session ID: ae5e7801af94639c52c6a4d2a70acf41).
12/07/2022 11:24:56 AM Unclosed client session
client_session: <aiohttp.client.ClientSession object at 0x00000274C0464790>
12/07/2022 11:24:56 AM Fatal error on SSL transport
protocol: <asyncio.sslproto.SSLProtocol object at 0x00000274C1F6E620>
transport: <_ProactorSocketTransport fd=1156 read=<_OverlappedFuture cancelled>>
Traceback (most recent call last):
  File "C:\Users\khoi8\AppData\Local\Programs\Python\Python310\lib\asyncio\sslproto.py", line 690, in _process_write_backlog
    self._transport.write(chunk)
  File "C:\Users\khoi8\AppData\Local\Programs\Python\Python310\lib\asyncio\proactor_events.py", line 361, in write
    self._loop_writing(data=bytes(data))
  File "C:\Users\khoi8\AppData\Local\Programs\Python\Python310\lib\asyncio\proactor_events.py", line 397, in _loop_writing
    self._write_fut = self._loop._proactor.send(self._sock, data)
AttributeError: 'NoneType' object has no attribute 'send'
12/07/2022 11:25:01 AM PyNaCl is not installed, voice will NOT be supported
12/07/2022 11:25:01 AM logging in using static token
12/07/2022 11:25:03 AM Shard ID None has connected to Gateway (Session ID: 5912e6a61e98cfaa71ad7bb93552b639).
12/07/2022 11:25:25 AM PyNaCl is not installed, voice will NOT be supported
12/07/2022 11:25:25 AM logging in using static token
12/07/2022 11:25:27 AM Shard ID None has connected to Gateway (Session ID: a0532c27efa8deb1c69db9b26099de4f).
12/07/2022 11:26:00 AM Unclosed connector
connections: ['[(<aiohttp.client_proto.ResponseHandler object at 0x000001466B759C60>, 953079.671)]']
connector: <aiohttp.connector.TCPConnector object at 0x0000014669C54220>
12/07/2022 11:26:00 AM Fatal error on SSL transport
protocol: <asyncio.sslproto.SSLProtocol object at 0x000001466B75E650>
transport: <_ProactorSocketTransport fd=900 read=<_OverlappedFuture cancelled>>
Traceback (most recent call last):
  File "C:\Users\khoi8\AppData\Local\Programs\Python\Python310\lib\asyncio\sslproto.py", line 690, in _process_write_backlog
    self._transport.write(chunk)
  File "C:\Users\khoi8\AppData\Local\Programs\Python\Python310\lib\asyncio\proactor_events.py", line 361, in write
    self._loop_writing(data=bytes(data))
  File "C:\Users\khoi8\AppData\Local\Programs\Python\Python310\lib\asyncio\proactor_events.py", line 397, in _loop_writing
    self._write_fut = self._loop._proactor.send(self._sock, data)
AttributeError: 'NoneType' object has no attribute 'send'
12/07/2022 11:26:00 AM Fatal error on SSL transport
protocol: <asyncio.sslproto.SSLProtocol object at 0x000001466B76D540>
transport: <_ProactorSocketTransport fd=1052 read=<_OverlappedFuture cancelled>>
Traceback (most recent call last):
  File "C:\Users\khoi8\AppData\Local\Programs\Python\Python310\lib\asyncio\sslproto.py", line 690, in _process_write_backlog
    self._transport.write(chunk)
  File "C:\Users\khoi8\AppData\Local\Programs\Python\Python310\lib\asyncio\proactor_events.py", line 361, in write
    self._loop_writing(data=bytes(data))
  File "C:\Users\khoi8\AppData\Local\Programs\Python\Python310\lib\asyncio\proactor_events.py", line 397, in _loop_writing
    self._write_fut = self._loop._proactor.send(self._sock, data)
AttributeError: 'NoneType' object has no attribute 'send'
12/07/2022 11:26:04 AM PyNaCl is not installed, voice will NOT be supported
12/07/2022 11:26:04 AM logging in using static token
12/07/2022 11:26:06 AM Shard ID None has connected to Gateway (Session ID: 947f45141937d7b77e8e32f0aa826d08).
12/07/2022 11:26:51 AM Unclosed connector
connections: ['[(<aiohttp.client_proto.ResponseHandler object at 0x0000016400590640>, 953118.343)]']
connector: <aiohttp.connector.TCPConnector object at 0x000001647E9F4220>
12/07/2022 11:26:51 AM Fatal error on SSL transport
protocol: <asyncio.sslproto.SSLProtocol object at 0x000001640059ABF0>
transport: <_ProactorSocketTransport fd=1076 read=<_OverlappedFuture cancelled>>
Traceback (most recent call last):
  File "C:\Users\khoi8\AppData\Local\Programs\Python\Python310\lib\asyncio\sslproto.py", line 690, in _process_write_backlog
    self._transport.write(chunk)
  File "C:\Users\khoi8\AppData\Local\Programs\Python\Python310\lib\asyncio\proactor_events.py", line 361, in write
    self._loop_writing(data=bytes(data))
  File "C:\Users\khoi8\AppData\Local\Programs\Python\Python310\lib\asyncio\proactor_events.py", line 397, in _loop_writing
    self._write_fut = self._loop._proactor.send(self._sock, data)
AttributeError: 'NoneType' object has no attribute 'send'
12/07/2022 11:26:51 AM Fatal error on SSL transport
protocol: <asyncio.sslproto.SSLProtocol object at 0x000001647E9F4C40>
transport: <_ProactorSocketTransport fd=824 read=<_OverlappedFuture cancelled>>
Traceback (most recent call last):
  File "C:\Users\khoi8\AppData\Local\Programs\Python\Python310\lib\asyncio\sslproto.py", line 690, in _process_write_backlog
    self._transport.write(chunk)
  File "C:\Users\khoi8\AppData\Local\Programs\Python\Python310\lib\asyncio\proactor_events.py", line 361, in write
    self._loop_writing(data=bytes(data))
  File "C:\Users\khoi8\AppData\Local\Programs\Python\Python310\lib\asyncio\proactor_events.py", line 397, in _loop_writing
    self._write_fut = self._loop._proactor.send(self._sock, data)
AttributeError: 'NoneType' object has no attribute 'send'
12/07/2022 11:26:54 AM PyNaCl is not installed, voice will NOT be supported
12/07/2022 11:26:54 AM logging in using static token
12/07/2022 11:26:56 AM Shard ID None has connected to Gateway (Session ID: 3aad73ea22bb51e9772939f0675ff00e).
12/07/2022 11:28:14 AM Unclosed client session
client_session: <aiohttp.client.ClientSession object at 0x0000013ED1875210>
12/07/2022 11:28:14 AM Fatal error on SSL transport
protocol: <asyncio.sslproto.SSLProtocol object at 0x0000013ED337E050>
transport: <_ProactorSocketTransport fd=1096 read=<_OverlappedFuture cancelled>>
Traceback (most recent call last):
  File "C:\Users\khoi8\AppData\Local\Programs\Python\Python310\lib\asyncio\sslproto.py", line 690, in _process_write_backlog
    self._transport.write(chunk)
  File "C:\Users\khoi8\AppData\Local\Programs\Python\Python310\lib\asyncio\proactor_events.py", line 361, in write
    self._loop_writing(data=bytes(data))
  File "C:\Users\khoi8\AppData\Local\Programs\Python\Python310\lib\asyncio\proactor_events.py", line 397, in _loop_writing
    self._write_fut = self._loop._proactor.send(self._sock, data)
AttributeError: 'NoneType' object has no attribute 'send'
12/07/2022 11:28:17 AM PyNaCl is not installed, voice will NOT be supported
12/07/2022 11:28:17 AM logging in using static token
12/07/2022 11:28:19 AM Shard ID None has connected to Gateway (Session ID: 93cdd72711ed24c23ac9c0e77d8a61f8).
12/07/2022 11:30:44 AM Unclosed client session
client_session: <aiohttp.client.ClientSession object at 0x0000026DC8205600>
12/07/2022 11:30:44 AM Fatal error on SSL transport
protocol: <asyncio.sslproto.SSLProtocol object at 0x0000026DC9D0E620>
transport: <_ProactorSocketTransport fd=832 read=<_OverlappedFuture cancelled>>
Traceback (most recent call last):
  File "C:\Users\khoi8\AppData\Local\Programs\Python\Python310\lib\asyncio\sslproto.py", line 690, in _process_write_backlog
    self._transport.write(chunk)
  File "C:\Users\khoi8\AppData\Local\Programs\Python\Python310\lib\asyncio\proactor_events.py", line 361, in write
    self._loop_writing(data=bytes(data))
  File "C:\Users\khoi8\AppData\Local\Programs\Python\Python310\lib\asyncio\proactor_events.py", line 397, in _loop_writing
    self._write_fut = self._loop._proactor.send(self._sock, data)
AttributeError: 'NoneType' object has no attribute 'send'
12/07/2022 11:30:49 AM PyNaCl is not installed, voice will NOT be supported
12/07/2022 11:30:49 AM logging in using static token
12/07/2022 11:30:51 AM Shard ID None has connected to Gateway (Session ID: a2b6c4545f6db4cd9e9a4ee3e582f2de).
12/07/2022 11:31:27 AM Unclosed connector
connections: ['[(<aiohttp.client_proto.ResponseHandler object at 0x0000024085E12080>, 953400.078)]']
connector: <aiohttp.connector.TCPConnector object at 0x0000024085E24610>
12/07/2022 11:31:27 AM Fatal error on SSL transport
protocol: <asyncio.sslproto.SSLProtocol object at 0x000002408792E1A0>
transport: <_ProactorSocketTransport fd=1076 read=<_OverlappedFuture cancelled>>
Traceback (most recent call last):
  File "C:\Users\khoi8\AppData\Local\Programs\Python\Python310\lib\asyncio\sslproto.py", line 690, in _process_write_backlog
    self._transport.write(chunk)
  File "C:\Users\khoi8\AppData\Local\Programs\Python\Python310\lib\asyncio\proactor_events.py", line 361, in write
    self._loop_writing(data=bytes(data))
  File "C:\Users\khoi8\AppData\Local\Programs\Python\Python310\lib\asyncio\proactor_events.py", line 397, in _loop_writing
    self._write_fut = self._loop._proactor.send(self._sock, data)
AttributeError: 'NoneType' object has no attribute 'send'
12/07/2022 11:31:27 AM Fatal error on SSL transport
protocol: <asyncio.sslproto.SSLProtocol object at 0x0000024085E24DC0>
transport: <_ProactorSocketTransport fd=688 read=<_OverlappedFuture cancelled>>
Traceback (most recent call last):
  File "C:\Users\khoi8\AppData\Local\Programs\Python\Python310\lib\asyncio\sslproto.py", line 690, in _process_write_backlog
    self._transport.write(chunk)
  File "C:\Users\khoi8\AppData\Local\Programs\Python\Python310\lib\asyncio\proactor_events.py", line 361, in write
    self._loop_writing(data=bytes(data))
  File "C:\Users\khoi8\AppData\Local\Programs\Python\Python310\lib\asyncio\proactor_events.py", line 397, in _loop_writing
    self._write_fut = self._loop._proactor.send(self._sock, data)
AttributeError: 'NoneType' object has no attribute 'send'
12/07/2022 11:31:45 AM PyNaCl is not installed, voice will NOT be supported
12/07/2022 11:31:45 AM logging in using static token
12/07/2022 11:31:47 AM Shard ID None has connected to Gateway (Session ID: d28f3913fb4672550f755b843fc3b03b).
12/07/2022 11:33:22 AM PyNaCl is not installed, voice will NOT be supported
12/07/2022 11:33:22 AM logging in using static token
12/07/2022 11:33:24 AM Shard ID None has connected to Gateway (Session ID: 5f221e41596596570f3a7871128da1a0).
12/07/2022 11:33:26 AM Starting Chromium download.
12/07/2022 11:33:32 AM Beginning extraction
12/07/2022 11:33:34 AM Chromium extracted to: C:\Users\khoi8\AppData\Local\pyppeteer\pyppeteer\local-chromium\588429
12/07/2022 11:34:25 AM terminate chrome process...
12/07/2022 04:34:33 PM PyNaCl is not installed, voice will NOT be supported
12/07/2022 04:34:33 PM logging in using static token
12/07/2022 04:35:00 PM PyNaCl is not installed, voice will NOT be supported
12/07/2022 04:35:00 PM logging in using static token
12/07/2022 04:35:02 PM Shard ID None has connected to Gateway (Session ID: 9a08432a696cdade9ea6ec318de89483).
12/07/2022 04:42:39 PM PyNaCl is not installed, voice will NOT be supported
12/07/2022 04:42:39 PM logging in using static token
12/07/2022 04:42:41 PM Shard ID None has connected to Gateway (Session ID: 4a7bceb78b9f9cb184dd3920a4a1bc5a).
12/07/2022 04:43:03 PM PyNaCl is not installed, voice will NOT be supported
12/07/2022 04:43:03 PM logging in using static token
12/07/2022 04:43:04 PM Shard ID None has connected to Gateway (Session ID: 5758703559c95151a613b3e1784c5fd0).
12/07/2022 04:46:40 PM PyNaCl is not installed, voice will NOT be supported
12/07/2022 04:46:40 PM logging in using static token
12/07/2022 04:46:41 PM Shard ID None has connected to Gateway (Session ID: c88f93d8948306928f425e1b81c8f08e).
12/07/2022 04:48:40 PM PyNaCl is not installed, voice will NOT be supported
12/07/2022 04:48:40 PM logging in using static token
12/07/2022 04:48:42 PM Shard ID None has connected to Gateway (Session ID: 948d8d871c9980592d996f30aba1ccb9).
12/07/2022 04:48:45 PM Starting Chromium download.
12/07/2022 04:48:58 PM Beginning extraction
12/07/2022 04:49:00 PM Chromium extracted to: C:\Users\khoi8\AppData\Local\pyppeteer\pyppeteer\local-chromium\588429
12/07/2022 04:56:53 PM PyNaCl is not installed, voice will NOT be supported
12/07/2022 04:56:53 PM logging in using static token
12/07/2022 04:57:01 PM PyNaCl is not installed, voice will NOT be supported
12/07/2022 04:57:01 PM logging in using static token
12/07/2022 04:57:03 PM Shard ID None has connected to Gateway (Session ID: e85747947b8f32bb27e67fac66761dc2).
12/07/2022 05:02:45 PM PyNaCl is not installed, voice will NOT be supported
12/07/2022 05:02:45 PM logging in using static token
12/07/2022 05:02:47 PM Shard ID None has connected to Gateway (Session ID: 5913dfd6044114b0fc1b4ab50d2fb735).
12/07/2022 05:03:22 PM PyNaCl is not installed, voice will NOT be supported
12/07/2022 05:03:22 PM logging in using static token
12/07/2022 05:03:24 PM Shard ID None has connected to Gateway (Session ID: 7b3519370c58132068eed1d4150700c5).
12/07/2022 05:03:33 PM exception calling callback for <Future at 0x2026cb30dc0 state=finished returned HTMLResponse>
Traceback (most recent call last):
  File "C:\Users\khoi8\AppData\Local\Programs\Python\Python39\lib\concurrent\futures\_base.py", line 330, in _invoke_callbacks
    callback(self)
  File "C:\Users\khoi8\AppData\Local\Programs\Python\Python39\lib\asyncio\futures.py", line 398, in _call_set_state
    dest_loop.call_soon_threadsafe(_set_state, destination, source)
  File "C:\Users\khoi8\AppData\Local\Programs\Python\Python39\lib\asyncio\base_events.py", line 796, in call_soon_threadsafe
    self._check_closed()
  File "C:\Users\khoi8\AppData\Local\Programs\Python\Python39\lib\asyncio\base_events.py", line 515, in _check_closed
    raise RuntimeError('Event loop is closed')
RuntimeError: Event loop is closed
12/07/2022 05:04:14 PM PyNaCl is not installed, voice will NOT be supported
12/07/2022 05:04:14 PM logging in using static token
12/07/2022 05:04:16 PM Shard ID None has connected to Gateway (Session ID: 6c23eb324e9b75c56652474b1c986042).
12/07/2022 05:14:35 PM PyNaCl is not installed, voice will NOT be supported
12/07/2022 05:14:35 PM logging in using static token
12/07/2022 05:15:11 PM PyNaCl is not installed, voice will NOT be supported
12/07/2022 05:15:11 PM logging in using static token
12/07/2022 05:15:13 PM Shard ID None has connected to Gateway (Session ID: ee80d57997db11944a137e11b6ba7cf9).
12/07/2022 05:17:21 PM PyNaCl is not installed, voice will NOT be supported
12/07/2022 05:17:21 PM logging in using static token
12/07/2022 05:17:25 PM PyNaCl is not installed, voice will NOT be supported
12/07/2022 05:17:25 PM logging in using static token
12/07/2022 05:17:26 PM Shard ID None has connected to Gateway (Session ID: 09319d8746a3a5ee5d11cc73503ac662).
12/07/2022 05:21:08 PM PyNaCl is not installed, voice will NOT be supported
12/07/2022 05:21:08 PM logging in using static token
12/07/2022 05:21:10 PM Shard ID None has connected to Gateway (Session ID: 1373bdc8a02fbbed803554718094274d).
12/07/2022 05:21:57 PM PyNaCl is not installed, voice will NOT be supported
12/07/2022 05:21:57 PM logging in using static token
12/07/2022 05:21:59 PM Shard ID None has connected to Gateway (Session ID: 3cdb6f6c907d7bf337e800a2cc8b29d2).
12/07/2022 05:50:35 PM PyNaCl is not installed, voice will NOT be supported
12/07/2022 05:50:35 PM logging in using static token
12/07/2022 05:50:37 PM Shard ID None has connected to Gateway (Session ID: effcb06e35084dd1986ed544cdde360d).
12/07/2022 05:51:54 PM PyNaCl is not installed, voice will NOT be supported
12/07/2022 05:51:54 PM logging in using static token
12/07/2022 05:51:55 PM Shard ID None has connected to Gateway (Session ID: 5de78b1e498911e9dfa9e3815fba3d18).
12/07/2022 05:52:49 PM PyNaCl is not installed, voice will NOT be supported
12/07/2022 05:52:49 PM logging in using static token
12/07/2022 05:52:51 PM Shard ID None has connected to Gateway (Session ID: 3a61ad3e648ea79eca1fdb96b48d518c).
12/07/2022 05:53:16 PM PyNaCl is not installed, voice will NOT be supported
12/07/2022 05:53:16 PM logging in using static token
12/07/2022 05:54:46 PM PyNaCl is not installed, voice will NOT be supported
12/07/2022 05:54:46 PM logging in using static token
12/07/2022 05:54:47 PM Shard ID None has connected to Gateway (Session ID: 25d4bdcd22d778d1e5cc9c86fb0f3f5e).
12/07/2022 05:55:50 PM PyNaCl is not installed, voice will NOT be supported
12/07/2022 05:55:50 PM logging in using static token
12/07/2022 05:55:52 PM Shard ID None has connected to Gateway (Session ID: 468fe1dde3d6151cad1856e977f00261).
12/07/2022 05:57:59 PM PyNaCl is not installed, voice will NOT be supported
12/07/2022 05:57:59 PM logging in using static token
12/07/2022 05:58:01 PM Shard ID None has connected to Gateway (Session ID: cfd78c3059b0708618717439cbd673db).
12/07/2022 05:58:39 PM PyNaCl is not installed, voice will NOT be supported
12/07/2022 05:58:39 PM logging in using static token
12/07/2022 05:58:41 PM Shard ID None has connected to Gateway (Session ID: 97f2a93707567f858d37f0e978835615).
12/07/2022 07:11:07 PM PyNaCl is not installed, voice will NOT be supported
12/07/2022 07:11:07 PM logging in using static token
12/07/2022 07:11:14 PM PyNaCl is not installed, voice will NOT be supported
12/07/2022 07:11:14 PM logging in using static token
12/07/2022 07:11:16 PM Shard ID None has connected to Gateway (Session ID: a700be0eeccb29f91bc1dfce7585afaa).
12/07/2022 07:27:55 PM PyNaCl is not installed, voice will NOT be supported
12/07/2022 07:27:55 PM logging in using static token
12/07/2022 07:27:56 PM Shard ID None has connected to Gateway (Session ID: 9d2cc415fa47cfe80de21c65355ac1a6).
12/07/2022 07:33:06 PM PyNaCl is not installed, voice will NOT be supported
12/07/2022 07:33:06 PM logging in using static token
12/07/2022 07:33:10 PM PyNaCl is not installed, voice will NOT be supported
12/07/2022 07:33:10 PM logging in using static token
12/07/2022 07:33:40 PM PyNaCl is not installed, voice will NOT be supported
12/07/2022 07:33:40 PM logging in using static token
12/07/2022 07:33:42 PM Shard ID None has connected to Gateway (Session ID: fb964931e1eb151f5ede24926863f185).
12/07/2022 07:34:33 PM PyNaCl is not installed, voice will NOT be supported
12/07/2022 07:34:33 PM logging in using static token
12/07/2022 07:34:35 PM Shard ID None has connected to Gateway (Session ID: b940d00241d79fde4a5e0af2b7c9c7f8).
12/07/2022 07:37:15 PM PyNaCl is not installed, voice will NOT be supported
12/07/2022 07:37:15 PM logging in using static token
12/07/2022 07:37:18 PM PyNaCl is not installed, voice will NOT be supported
12/07/2022 07:37:18 PM logging in using static token
12/07/2022 07:37:20 PM Shard ID None has connected to Gateway (Session ID: e197795e8934f1913a209601eb413236).
12/11/2022 10:59:58 PM PyNaCl is not installed, voice will NOT be supported
12/11/2022 10:59:58 PM logging in using static token
12/11/2022 11:00:21 PM PyNaCl is not installed, voice will NOT be supported
12/11/2022 11:00:21 PM logging in using static token
12/11/2022 11:00:23 PM Shard ID None has connected to Gateway (Session ID: 7f842afed1897d28165593397a68c0d0).
12/11/2022 11:01:11 PM PyNaCl is not installed, voice will NOT be supported
12/11/2022 11:01:11 PM logging in using static token
12/11/2022 11:01:13 PM Shard ID None has connected to Gateway (Session ID: 67a7db60f8a6468e945fbc05ed2b7240).
12/11/2022 11:01:42 PM PyNaCl is not installed, voice will NOT be supported
12/11/2022 11:01:42 PM logging in using static token
12/11/2022 11:01:44 PM Shard ID None has connected to Gateway (Session ID: 50addf72fb5c8a413b363c644892f307).
12/11/2022 11:03:46 PM PyNaCl is not installed, voice will NOT be supported
12/11/2022 11:03:46 PM logging in using static token
12/11/2022 11:03:47 PM Shard ID None has connected to Gateway (Session ID: a0a6044d8296649f09d233d2376493e2).
